<?xml version="1.0" encoding="UTF-8"?>
<!-- Generated by org.testng.reporters.JUnitReportReporter -->
<testsuite skipped="0" hostname="OLG" name="com.ex.SmokeUiSuite" tests="1" failures="0" timestamp="2022-08-17T11:45:24 CEST" time="7.174" errors="0">
  <testcase name="firstTest" time="7.174" classname="com.ex.SmokeUiSuite"/>
  <system-out/>
</testsuite> <!-- com.ex.SmokeUiSuite -->
